<?xml version="1.0" encoding="utf-8"?><testsuites name="pytest tests"><testsuite name="pytest" errors="0" failures="0" skipped="0" tests="6" time="47.385" timestamp="2026-05-23T18:05:00.592589+00:00" hostname="agent-env-7d2ff179-2ba6-430a-a997-6948797e2b94"><testcase classname="backend.tests.test_followup_quiz" name="test_followup_quiz_unauthenticated" time="0.222" /><testcase classname="backend.tests.test_followup_quiz" name="test_followup_quiz_exam_not_found" time="0.386" /><testcase classname="backend.tests.test_followup_quiz" name="test_followup_quiz_exam_not_submitted" time="12.651" /><testcase classname="backend.tests.test_followup_quiz" name="test_followup_quiz_no_weak_topics" time="11.215" /><testcase classname="backend.tests.test_followup_quiz" name="test_followup_quiz_success" time="14.611" /><testcase classname="backend.tests.test_followup_quiz" name="test_followup_quiz_submission_awards_xp" time="8.222" /></testsuite></testsuites>