<?xml version="1.0" encoding="utf-8"?><testsuites name="pytest tests"><testsuite name="pytest" errors="0" failures="7" skipped="0" tests="16" time="3.373" timestamp="2026-06-24T16:54:54.187108+00:00" hostname="agent-env-e00d3f97-b169-4f3c-83c9-dc4128636116"><testcase classname="backend.tests.test_email_verification.TestRegistration" name="test_valid_registration_requires_verification" time="0.759" /><testcase classname="backend.tests.test_email_verification.TestRegistration" name="test_disposable_email_rejected" time="0.046" /><testcase classname="backend.tests.test_email_verification.TestRegistration" name="test_invalid_email_format_rejected" time="0.045" /><testcase classname="backend.tests.test_email_verification.TestRegistration" name="test_mx_record_check_blocks_fake_domain" time="0.062" /><testcase classname="backend.tests.test_email_verification.TestRegistration" name="test_duplicate_unverified_returns_pending" time="0.518"><failure message="assert 429 == 400&#10; +  where 429 = &lt;Response [429]&gt;.status_code">backend/tests/test_email_verification.py:89: in test_duplicate_unverified_returns_pending
    assert resp.status_code == 400
E   assert 429 == 400
E    +  where 429 = &lt;Response [429]&gt;.status_code</failure></testcase><testcase classname="backend.tests.test_email_verification.TestLoginGate" name="test_login_blocked_for_unverified_user" time="0.092"><failure message="AssertionError: Expected 403, got 401: {&quot;detail&quot;:&quot;Invalid email or password&quot;}&#10;assert 401 == 403&#10; +  where 401 = &lt;Response [401]&gt;.status_code">backend/tests/test_email_verification.py:105: in test_login_blocked_for_unverified_user
    assert resp.status_code == 403, f"Expected 403, got {resp.status_code}: {resp.text}"
E   AssertionError: Expected 403, got 401: {"detail":"Invalid email or password"}
E   assert 401 == 403
E    +  where 401 = &lt;Response [401]&gt;.status_code</failure></testcase><testcase classname="backend.tests.test_email_verification.TestLoginGate" name="test_admin_login_works" time="0.269" /><testcase classname="backend.tests.test_email_verification.TestLoginGate" name="test_wrong_password_returns_401" time="0.268" /><testcase classname="backend.tests.test_email_verification.TestTokenVerification" name="test_invalid_token_returns_error" time="0.048" /><testcase classname="backend.tests.test_email_verification.TestTokenVerification" name="test_admin_manual_verify_user" time="0.441"><failure message="AssertionError: assert False is True&#10; +  where False = &lt;built-in method get of dict object at 0xfe73d4b61b40&gt;('success')&#10; +    where &lt;built-in method get of dict object at 0xfe73d4b61b40&gt; = {'message': 'User not found or already verified', 'success': False}.get">backend/tests/test_email_verification.py:156: in test_admin_manual_verify_user
    assert data.get("success") is True
E   AssertionError: assert False is True
E    +  where False = &lt;built-in method get of dict object at 0xfe73d4b61b40&gt;('success')
E    +    where &lt;built-in method get of dict object at 0xfe73d4b61b40&gt; = {'message': 'User not found or already verified', 'success': False}.get</failure></testcase><testcase classname="backend.tests.test_email_verification.TestResendVerification" name="test_resend_verification_success" time="0.104"><failure message="AssertionError: assert 'cooldown_seconds' in {'message': 'If this email is registered, a new verification link has been sent.'}">backend/tests/test_email_verification.py:178: in test_resend_verification_success
    assert "cooldown_seconds" in data
E   AssertionError: assert 'cooldown_seconds' in {'message': 'If this email is registered, a new verification link has been sent.'}</failure></testcase><testcase classname="backend.tests.test_email_verification.TestResendVerification" name="test_resend_cooldown_enforced" time="0.144"><failure message="AssertionError: Expected 429 for cooldown, got 200&#10;assert 200 == 429&#10; +  where 200 = &lt;Response [200]&gt;.status_code">backend/tests/test_email_verification.py:192: in test_resend_cooldown_enforced
    assert resp2.status_code == 429, f"Expected 429 for cooldown, got {resp2.status_code}"
E   AssertionError: Expected 429 for cooldown, got 200
E   assert 200 == 429
E    +  where 200 = &lt;Response [200]&gt;.status_code</failure></testcase><testcase classname="backend.tests.test_email_verification.TestResendVerification" name="test_resend_unknown_email_returns_success" time="0.051"><failure message="assert 429 == 200&#10; +  where 429 = &lt;Response [429]&gt;.status_code">backend/tests/test_email_verification.py:202: in test_resend_unknown_email_returns_success
    assert resp.status_code == 200
E   assert 429 == 200
E    +  where 429 = &lt;Response [429]&gt;.status_code</failure></testcase><testcase classname="backend.tests.test_email_verification.TestRateLimiting" name="test_register_rate_limit_exists" time="0.138"><failure message="assert 0 &gt;= 1">backend/tests/test_email_verification.py:224: in test_register_rate_limit_exists
    assert passed &gt;= 1
E   assert 0 &gt;= 1</failure></testcase><testcase classname="backend.tests.test_email_verification.TestGoogleAutoVerified" name="test_google_session_endpoint_exists" time="0.164" /><testcase classname="backend.tests.test_email_verification.TestVerifyEmailEndpoint" name="test_verify_email_success_message" time="0.092" /></testsuite></testsuites>