<?xml version="1.0" encoding="utf-8"?><testsuites name="pytest tests"><testsuite name="pytest" errors="0" failures="0" skipped="0" tests="11" time="41.101" timestamp="2026-06-25T14:41:41.179469+00:00" hostname="agent-env-e00d3f97-b169-4f3c-83c9-dc4128636116"><testcase classname="backend.tests.test_study_plan_phase8.TestStudyPlanContext" name="test_context_returns_200" time="0.550" /><testcase classname="backend.tests.test_study_plan_phase8.TestStudyPlanContext" name="test_context_has_required_fields" time="0.048" /><testcase classname="backend.tests.test_study_plan_phase8.TestStudyPlanContext" name="test_context_quiz_count_is_int" time="0.047" /><testcase classname="backend.tests.test_study_plan_phase8.TestStudyPlanContext" name="test_context_has_history_for_admin" time="0.053" /><testcase classname="backend.tests.test_study_plan_phase8.TestStudyPlanContext" name="test_context_weak_topics_is_list" time="0.051" /><testcase classname="backend.tests.test_study_plan_phase8.TestStudyPlanContext" name="test_context_strong_topics_is_list" time="0.057" /><testcase classname="backend.tests.test_study_plan_phase8.TestStudyPlanPost" name="test_post_accepts_available_days" time="7.508" /><testcase classname="backend.tests.test_study_plan_phase8.TestStudyPlanPost" name="test_post_accepts_session_preference_options" time="23.248" /><testcase classname="backend.tests.test_study_plan_phase8.TestStudyPlanPost" name="test_post_without_available_days_uses_default" time="9.159" /><testcase classname="backend.tests.test_study_plan_phase8.TestStudyPlanGet" name="test_get_study_plan_returns_200" time="0.052" /><testcase classname="backend.tests.test_study_plan_phase8.TestStudyPlanGet" name="test_context_requires_auth" time="0.187" /></testsuite></testsuites>