<?xml version="1.0" encoding="utf-8"?><testsuites name="pytest tests"><testsuite name="pytest" errors="0" failures="0" skipped="0" tests="30" time="24.273" timestamp="2026-06-23T12:14:21.156642+00:00" hostname="agent-env-e00d3f97-b169-4f3c-83c9-dc4128636116"><testcase classname="backend.tests.test_iteration5.TestAdminLogin" name="test_admin_login_success" time="0.491" /><testcase classname="backend.tests.test_iteration5.TestAdminLogin" name="test_admin_login_wrong_password" time="0.323" /><testcase classname="backend.tests.test_iteration5.TestAdminLogin" name="test_admin_get_me" time="0.411" /><testcase classname="backend.tests.test_iteration5.TestEmailVerification" name="test_register_new_user" time="0.610" /><testcase classname="backend.tests.test_iteration5.TestEmailVerification" name="test_login_unverified_gets_403_email_not_verified" time="0.360" /><testcase classname="backend.tests.test_iteration5.TestEmailVerification" name="test_resend_verification_returns_success" time="0.327" /><testcase classname="backend.tests.test_iteration5.TestEmailVerification" name="test_resend_verification_unknown_email_still_200" time="0.099" /><testcase classname="backend.tests.test_iteration5.TestEmailVerification" name="test_verify_email_invalid_token_returns_400" time="0.104" /><testcase classname="backend.tests.test_iteration5.TestAdminVerifyUser" name="test_admin_can_verify_user" time="0.051" /><testcase classname="backend.tests.test_iteration5.TestAdminVerifyUser" name="test_verified_user_can_now_login" time="0.358" /><testcase classname="backend.tests.test_iteration5.TestAdminVerifyUser" name="test_non_admin_cannot_verify_user" time="0.596" /><testcase classname="backend.tests.test_iteration5.TestNCERTSyllabus" name="test_class6_science_chapters_no_corrupt" time="0.156" /><testcase classname="backend.tests.test_iteration5.TestNCERTSyllabus" name="test_class7_science_chapters_no_corrupt" time="0.095" /><testcase classname="backend.tests.test_iteration5.TestNCERTSyllabus" name="test_class6_science_has_verified_chapters" time="0.100" /><testcase classname="backend.tests.test_iteration5.TestNCERTSyllabus" name="test_class10_science_chapters_no_corrupt" time="0.102" /><testcase classname="backend.tests.test_iteration5.TestCreditTiers" name="test_credit_tiers_via_import" time="0.532" /><testcase classname="backend.tests.test_iteration5.TestAnalyticsDashboard" name="test_analytics_dashboard_returns_200" time="0.054" /><testcase classname="backend.tests.test_iteration5.TestAnalyticsDashboard" name="test_analytics_dashboard_user_counts" time="0.050" /><testcase classname="backend.tests.test_iteration5.TestAnalyticsDashboard" name="test_analytics_dashboard_question_bank_count" time="0.050" /><testcase classname="backend.tests.test_iteration5.TestAnalyticsDashboard" name="test_analytics_dashboard_requires_auth" time="0.177" /><testcase classname="backend.tests.test_iteration5.TestQuestionBankStats" name="test_question_bank_stats_200" time="0.124" /><testcase classname="backend.tests.test_iteration5.TestQuestionBankStats" name="test_question_bank_stats_has_pairs" time="0.108" /><testcase classname="backend.tests.test_iteration5.TestQuestionBankStats" name="test_question_bank_stats_structure" time="0.111" /><testcase classname="backend.tests.test_iteration5.TestQuizGenerateSubmit" name="test_quiz_generate_returns_questions" time="7.654" /><testcase classname="backend.tests.test_iteration5.TestQuizGenerateSubmit" name="test_quiz_submit_with_dict_answers" time="4.373" /><testcase classname="backend.tests.test_iteration5.TestQuizGenerateSubmit" name="test_quiz_submit_no_quiz_id_in_body" time="0.048" /><testcase classname="backend.tests.test_iteration5.TestQuizGenerateSubmit" name="test_quiz_submit_invalid_quiz_id" time="0.049" /><testcase classname="backend.tests.test_iteration5.TestInteractiveQuizModalFormat" name="test_modal_format_sends_dict_not_array" time="2.749" /><testcase classname="backend.tests.test_iteration5.TestInteractiveQuizModalFormat" name="test_old_modal_format_array_would_fail" time="3.785" /><testcase classname="backend.tests.test_iteration5.TestStudentAnalytics" name="test_student_analytics_self" time="0.104" /></testsuite></testsuites>