<?xml version="1.0" encoding="utf-8"?><testsuites name="pytest tests"><testsuite name="pytest" errors="0" failures="1" skipped="0" tests="10" time="1.420" timestamp="2026-06-25T12:47:57.107911+00:00" hostname="agent-env-e00d3f97-b169-4f3c-83c9-dc4128636116"><testcase classname="backend.tests.test_phase8.TestTopicMastery" name="test_topic_mastery_returns_valid_structure" time="0.531" /><testcase classname="backend.tests.test_phase8.TestTopicMastery" name="test_topic_mastery_recommended_difficulty_consistent" time="0.070" /><testcase classname="backend.tests.test_phase8.TestTopicMastery" name="test_topic_mastery_requires_auth" time="0.129" /><testcase classname="backend.tests.test_phase8.TestWeakAreas" name="test_weak_areas_returns_valid_structure" time="0.050" /><testcase classname="backend.tests.test_phase8.TestWeakAreas" name="test_weak_areas_topic_has_frequency" time="0.050" /><testcase classname="backend.tests.test_phase8.TestWeakAreas" name="test_weak_areas_requires_auth" time="0.158" /><testcase classname="backend.tests.test_phase8.TestSubscriptionCancel" name="test_subscription_cancel_free_user_returns_error_or_200" time="0.047" /><testcase classname="backend.tests.test_phase8.TestSubscriptionCancel" name="test_subscription_cancel_requires_auth" time="0.135" /><testcase classname="backend.tests.test_phase8.TestSyllabusForQuizArena" name="test_subjects_returns_list" time="0.061" /><testcase classname="backend.tests.test_phase8.TestSyllabusForQuizArena" name="test_chapters_returns_list" time="0.098"><failure message="AssertionError: Expected 200, got 404: {&quot;detail&quot;:&quot;Not Found&quot;}&#10;assert 404 == 200&#10; +  where 404 = &lt;Response [404]&gt;.status_code">backend/tests/test_phase8.py:118: in test_chapters_returns_list
    assert r2.status_code == 200, f"Expected 200, got {r2.status_code}: {r2.text}"
E   AssertionError: Expected 200, got 404: {"detail":"Not Found"}
E   assert 404 == 200
E    +  where 404 = &lt;Response [404]&gt;.status_code</failure></testcase></testsuite></testsuites>