<?xml version="1.0" encoding="utf-8"?><testsuites name="pytest tests"><testsuite name="pytest" errors="0" failures="0" skipped="4" tests="22" time="4.072" timestamp="2026-06-14T14:54:32.803883+00:00" hostname="agent-env-e00d3f97-b169-4f3c-83c9-dc4128636116"><testcase classname="backend.tests.test_iteration4.TestEmailVerification" name="test_register_returns_requires_verification" time="0.588" /><testcase classname="backend.tests.test_iteration4.TestEmailVerification" name="test_login_before_verify_returns_403" time="0.324" /><testcase classname="backend.tests.test_iteration4.TestEmailVerification" name="test_verify_email_invalid_token_returns_400" time="0.098" /><testcase classname="backend.tests.test_iteration4.TestEmailVerification" name="test_resend_verification_registered_email_returns_success" time="0.481" /><testcase classname="backend.tests.test_iteration4.TestEmailVerification" name="test_resend_verification_unknown_email_no_enumeration" time="0.100" /><testcase classname="backend.tests.test_iteration4.TestEmailVerification" name="test_admin_is_verified_can_login" time="0.319" /><testcase classname="backend.tests.test_iteration4.TestCreditTiers" name="test_tier_0_to_250_returns_2" time="0.000" /><testcase classname="backend.tests.test_iteration4.TestCreditTiers" name="test_tier_251_to_500_returns_4" time="0.000" /><testcase classname="backend.tests.test_iteration4.TestCreditTiers" name="test_tier_501_to_800_returns_6" time="0.000" /><testcase classname="backend.tests.test_iteration4.TestCreditTiers" name="test_tier_801_to_1200_returns_8" time="0.000" /><testcase classname="backend.tests.test_iteration4.TestCreditTiers" name="test_tier_1201_plus_returns_10" time="0.000" /><testcase classname="backend.tests.test_iteration4.TestQuizCreditCost" name="test_quiz_credit_constant_is_15" time="0.947"><skipped type="pytest.skip" message="Daily quiz limit reached">/app/backend/tests/test_iteration4.py:207: Daily quiz limit reached</skipped></testcase><testcase classname="backend.tests.test_iteration4.TestQuestionBankStats" name="test_stats_endpoint_returns_200" time="0.110" /><testcase classname="backend.tests.test_iteration4.TestQuestionBankStats" name="test_stats_response_has_required_fields" time="0.090" /><testcase classname="backend.tests.test_iteration4.TestSyllabusNCERTTitles" name="test_class6_science_chapters_no_corrupt_titles" time="0.100" /><testcase classname="backend.tests.test_iteration4.TestSyllabusNCERTTitles" name="test_class10_science_chapters_no_corrupt_titles" time="0.095" /><testcase classname="backend.tests.test_iteration4.TestSyllabusNCERTTitles" name="test_corrupt_title_detection_logic" time="0.001" /><testcase classname="backend.tests.test_iteration4.TestQuizSubmit" name="test_quiz_submit_format_and_score" time="0.435"><skipped type="pytest.skip" message="Daily quiz limit reached for admin">/app/backend/tests/test_iteration4.py:336: Daily quiz limit reached for admin</skipped></testcase><testcase classname="backend.tests.test_iteration4.TestQuizSubmit" name="test_quiz_submit_without_quiz_id_in_body" time="0.108"><skipped type="pytest.skip" message="Quiz generation unavailable">/app/backend/tests/test_iteration4.py:389: Quiz generation unavailable</skipped></testcase><testcase classname="backend.tests.test_iteration4.TestQuizSubmit" name="test_quiz_submit_frontend_array_format" time="0.096"><skipped type="pytest.skip" message="Quiz generation unavailable">/app/backend/tests/test_iteration4.py:428: Quiz generation unavailable</skipped></testcase><testcase classname="backend.tests.test_iteration4.TestAdaptiveEngine" name="test_chat_analytics_endpoint" time="0.054" /><testcase classname="backend.tests.test_iteration4.TestGamificationStats" name="test_gamification_stats_authenticated" time="0.056" /></testsuite></testsuites>