<?xml version="1.0" encoding="utf-8"?><testsuites name="pytest tests"><testsuite name="pytest" errors="0" failures="0" skipped="0" tests="13" time="1.812" timestamp="2026-06-25T12:12:12.080294+00:00" hostname="agent-env-e00d3f97-b169-4f3c-83c9-dc4128636116"><testcase classname="backend.tests.test_phase5.TestLeaderboard" name="test_global_leaderboard_no_admin" time="0.908" /><testcase classname="backend.tests.test_phase5.TestLeaderboard" name="test_global_leaderboard_returns_list" time="0.101" /><testcase classname="backend.tests.test_phase5.TestLeaderboard" name="test_leaderboard_unauthenticated" time="0.111" /><testcase classname="backend.tests.test_phase5.TestLeaderboard" name="test_class_leaderboard_requires_auth" time="0.095" /><testcase classname="backend.tests.test_phase5.TestLeaderboard" name="test_friends_leaderboard_requires_auth" time="0.127" /><testcase classname="backend.tests.test_phase5.TestAIRouter" name="test_category_c_normal_max_tokens" time="0.001" /><testcase classname="backend.tests.test_phase5.TestAIRouter" name="test_category_b_normal_max_tokens" time="0.000" /><testcase classname="backend.tests.test_phase5.TestAIRouter" name="test_category_c_near_budget_tokens" time="0.000" /><testcase classname="backend.tests.test_phase5.TestAIRouter" name="test_over_budget_blocked" time="0.000" /><testcase classname="backend.tests.test_phase5.TestStudyPlanAPI" name="test_get_study_plan" time="0.096" /><testcase classname="backend.tests.test_phase5.TestStudyPlanAPI" name="test_quiz_history_endpoint" time="0.102" /><testcase classname="backend.tests.test_phase5.TestProgressAPI" name="test_progress_endpoint" time="0.099" /><testcase classname="backend.tests.test_phase5.TestProgressAPI" name="test_gamification_stats" time="0.098" /></testsuite></testsuites>