<?xml version="1.0" encoding="utf-8"?><testsuites name="pytest tests"><testsuite name="pytest" errors="0" failures="0" skipped="0" tests="16" time="15.178" timestamp="2026-06-13T06:54:06.665862+00:00" hostname="agent-env-e00d3f97-b169-4f3c-83c9-dc4128636116"><testcase classname="backend.tests.test_iteration3.TestAuth" name="test_login_success" time="0.510" /><testcase classname="backend.tests.test_iteration3.TestAuth" name="test_auth_me_returns_correct_fields" time="0.043" /><testcase classname="backend.tests.test_iteration3.TestAuth" name="test_auth_me_requires_auth" time="0.093" /><testcase classname="backend.tests.test_iteration3.TestAuth" name="test_login_bad_credentials" time="0.131" /><testcase classname="backend.tests.test_iteration3.TestQuestionBankStats" name="test_stats_returns_200" time="0.094" /><testcase classname="backend.tests.test_iteration3.TestQuestionBankStats" name="test_stats_has_required_fields" time="0.137" /><testcase classname="backend.tests.test_iteration3.TestQuizCreditCost" name="test_quiz_generate_deducts_15_credits" time="5.586" /><testcase classname="backend.tests.test_iteration3.TestMockExamCreditCost" name="test_mock_exam_deducts_30_credits" time="7.798" /><testcase classname="backend.tests.test_iteration3.TestChatNoLimit" name="test_chat_session_creation" time="0.048" /><testcase classname="backend.tests.test_iteration3.TestChatNoLimit" name="test_chat_plan_gates_import_has_no_check_limit_for_ai_message" time="0.000" /><testcase classname="backend.tests.test_iteration3.TestSyllabusChapterNames" name="test_chapters_endpoint_returns_names" time="0.045" /><testcase classname="backend.tests.test_iteration3.TestSyllabusChapterNames" name="test_chapters_dont_have_chapter_number_prefix_in_display" time="0.041" /><testcase classname="backend.tests.test_iteration3.TestSyllabusChapterNames" name="test_subjects_endpoint" time="0.082" /><testcase classname="backend.tests.test_iteration3.TestCreditsConfig" name="test_quiz_cost_is_15" time="0.478" /><testcase classname="backend.tests.test_iteration3.TestCreditsConfig" name="test_mock_exam_cost_is_30" time="0.000" /><testcase classname="backend.tests.test_iteration3.TestCreditsConfig" name="test_chat_word_limit_is_1000" time="0.002" /></testsuite></testsuites>