<?xml version="1.0" encoding="utf-8"?><testsuites name="pytest tests"><testsuite name="pytest" errors="0" failures="0" skipped="0" tests="13" time="23.441" timestamp="2026-05-23T18:05:58.723468+00:00" hostname="agent-env-7d2ff179-2ba6-430a-a997-6948797e2b94"><testcase classname="backend.tests.test_phase2" name="test_backend_reachable" time="0.166" /><testcase classname="backend.tests.test_phase2" name="test_authenticated_me" time="0.394" /><testcase classname="backend.tests.test_phase2" name="test_leaderboard_structure" time="0.055" /><testcase classname="backend.tests.test_phase2" name="test_mock_exam_history" time="17.458" /><testcase classname="backend.tests.test_phase2" name="test_mock_exam_submit" time="0.057" /><testcase classname="backend.tests.test_phase2" name="test_study_plan_create" time="1.832" /><testcase classname="backend.tests.test_phase2" name="test_study_plan_get" time="0.048" /><testcase classname="backend.tests.test_phase2" name="test_referral_code" time="0.051" /><testcase classname="backend.tests.test_phase2" name="test_referral_apply_own_rejected" time="0.103" /><testcase classname="backend.tests.test_phase2" name="test_referral_apply_invalid" time="0.049" /><testcase classname="backend.tests.test_phase2" name="test_referral_apply_success_and_duplicate" time="0.500" /><testcase classname="backend.tests.test_phase2" name="test_recommendations" time="0.088" /><testcase classname="backend.tests.test_phase2" name="test_chat_youtube_and_next_step" time="2.550" /></testsuite></testsuites>