<?xml version="1.0" encoding="utf-8"?><testsuites name="pytest tests"><testsuite name="pytest" errors="0" failures="0" skipped="0" tests="11" time="1.447" timestamp="2026-06-27T05:00:44.373212+00:00" hostname="agent-env-e00d3f97-b169-4f3c-83c9-dc4128636116"><testcase classname="backend.tests.test_iteration14.TestSchoolsEndpoint" name="test_schools_list_returns_two_schools" time="0.162" /><testcase classname="backend.tests.test_iteration14.TestSchoolsEndpoint" name="test_bnps_school_available" time="0.095" /><testcase classname="backend.tests.test_iteration14.TestSchoolsEndpoint" name="test_nps_school_coming_soon" time="0.093" /><testcase classname="backend.tests.test_iteration14.TestAdminLogin" name="test_admin_login_success" time="0.353" /><testcase classname="backend.tests.test_iteration14.TestBNPSStudent" name="test_bnps_login_success" time="0.381" /><testcase classname="backend.tests.test_iteration14.TestBNPSStudent" name="test_bnps_grade8_subjects_count" time="0.041" /><testcase classname="backend.tests.test_iteration14.TestBNPSStudent" name="test_bnps_grade8_subjects_names" time="0.081" /><testcase classname="backend.tests.test_iteration14.TestBNPSStudent" name="test_bnps_grade8_science_13_chapters" time="0.042" /><testcase classname="backend.tests.test_iteration14.TestBNPSStudent" name="test_bnps_grade8_maths_16_chapters" time="0.041" /><testcase classname="backend.tests.test_iteration14.TestBNPSStudent" name="test_bnps_grade8_english_chapters" time="0.042" /><testcase classname="backend.tests.test_iteration14.TestBNPSStudent" name="test_bnps_grade8_sst_7_chapters" time="0.043" /></testsuite></testsuites>