<?xml version="1.0" encoding="utf-8"?><testsuites name="pytest tests"><testsuite name="pytest" errors="0" failures="0" skipped="0" tests="8" time="1.141" timestamp="2026-07-27T13:56:01.581295+00:00" hostname="agent-env-e00d3f97-b169-4f3c-83c9-dc4128636116"><testcase classname="backend.tests.test_feedback_features.TestFeedbackAPI" name="test_submit_feedback_unauthenticated" time="0.235" /><testcase classname="backend.tests.test_feedback_features.TestFeedbackAPI" name="test_submit_feedback_short_message" time="0.413" /><testcase classname="backend.tests.test_feedback_features.TestFeedbackAPI" name="test_submit_feedback_success" time="0.064" /><testcase classname="backend.tests.test_feedback_features.TestFeedbackAPI" name="test_admin_get_feedback" time="0.061" /><testcase classname="backend.tests.test_feedback_features.TestFeedbackAPI" name="test_admin_feedback_has_items" time="0.060" /><testcase classname="backend.tests.test_feedback_features.TestFeedbackAPI" name="test_admin_resolve_feedback" time="0.116" /><testcase classname="backend.tests.test_feedback_features.TestTutorialAPI" name="test_admin_tutorial_seen_flag" time="0.060" /><testcase classname="backend.tests.test_feedback_features.TestTutorialAPI" name="test_tutorial_seen_endpoint" time="0.061" /></testsuite></testsuites>