<?xml version="1.0" encoding="utf-8"?><testsuites name="pytest tests"><testsuite name="pytest" errors="0" failures="0" skipped="0" tests="9" time="6.906" timestamp="2026-06-29T09:42:54.941589+00:00" hostname="agent-env-e00d3f97-b169-4f3c-83c9-dc4128636116"><testcase classname="backend.tests.test_iteration16.TestRegistration" name="test_register_weak_password_too_short" time="4.187" /><testcase classname="backend.tests.test_iteration16.TestRegistration" name="test_register_no_special_char" time="0.094" /><testcase classname="backend.tests.test_iteration16.TestRegistration" name="test_register_valid_user_no_verification" time="0.359" /><testcase classname="backend.tests.test_iteration16.TestRegistration" name="test_register_sets_auth_cookies" time="0.317" /><testcase classname="backend.tests.test_iteration16.TestAdminEndpoints" name="test_admin_login" time="0.319" /><testcase classname="backend.tests.test_iteration16.TestAdminEndpoints" name="test_admin_earnings" time="0.376" /><testcase classname="backend.tests.test_iteration16.TestAdminEndpoints" name="test_admin_leaderboard_users" time="0.377" /><testcase classname="backend.tests.test_iteration16.TestAdminEndpoints" name="test_admin_grade_requests" time="0.415" /><testcase classname="backend.tests.test_iteration16.TestAdminEndpoints" name="test_non_admin_blocked" time="0.395" /></testsuite></testsuites>