<?xml version="1.0" encoding="utf-8"?><testsuites name="pytest tests"><testsuite name="pytest" errors="0" failures="1" skipped="0" tests="12" time="3.318" timestamp="2026-05-23T18:31:54.670103+00:00" hostname="agent-env-7d2ff179-2ba6-430a-a997-6948797e2b94"><testcase classname="backend.tests.test_leaderboard_scopes" name="test_global_scope_default_unauth" time="0.162" /><testcase classname="backend.tests.test_leaderboard_scopes" name="test_global_scope_explicit" time="0.383" /><testcase classname="backend.tests.test_leaderboard_scopes" name="test_class_scope_requires_auth" time="0.112" /><testcase classname="backend.tests.test_leaderboard_scopes" name="test_class_scope_returns_same_class" time="0.048"><failure message="AssertionError: assert '9' == '11'&#10;  &#10;  - 11&#10;  + 9">backend/tests/test_leaderboard_scopes.py:58: in test_class_scope_returns_same_class
    assert data["class_level"] == "11"  # what we registered with
    ^^^^^^^^^^^^^^^^^^^^^^^^^^^^^^^^^^
E   AssertionError: assert '9' == '11'
E     
E     - 11
E     + 9</failure></testcase><testcase classname="backend.tests.test_leaderboard_scopes" name="test_class_scope_admin" time="0.384" /><testcase classname="backend.tests.test_leaderboard_scopes" name="test_friends_scope_requires_auth" time="0.106" /><testcase classname="backend.tests.test_leaderboard_scopes" name="test_friends_scope_brand_new_user_returns_self" time="0.102" /><testcase classname="backend.tests.test_leaderboard_scopes" name="test_friends_scope_includes_referral_graph" time="0.933" /><testcase classname="backend.tests.test_leaderboard_scopes" name="test_invalid_scope_returns_422" time="0.104" /><testcase classname="backend.tests.test_streak_reminder" name="test_streak_reminder_requires_auth" time="0.112" /><testcase classname="backend.tests.test_streak_reminder" name="test_streak_reminder_admin_active" time="0.388" /><testcase classname="backend.tests.test_streak_reminder" name="test_streak_reminder_fresh_user" time="0.376" /></testsuite></testsuites>